(---------------------------------------------------------------------)
(                                                                     )
(    DesignTrue DFM Wizard                                            )
(                                                                     )
(    Drawing          : arduinouno.brd                                )
(    Software Version : 17.4S024                                      )
(    Date/Time        : Tue Apr 26 22:53:07 2022                      )
(                                                                     )
(---------------------------------------------------------------------)


Loading rules for OrCAD_PCB_Designer_PSpice


Stackup: PRIMARY, Design Technology: Rigid
                   TOP 1.400000 mils -> 1 oz 
                BOTTOM 1.400000 mils -> 1 oz 

Design For Fabrication Checks
Rule file used: C:\Cadence\SPB_17.4/share/pcb/dfm/dt_wizard/dt_wizard_pcbdff_template.csv
Number of Outline Rules generated: 24
Number of Mask Rules generated: 1
Number of Annular Ring Rules generated: 8
Number of Copper Feature Rules generated: 5
Number of Copper Spacing Rules generated: 25
Number of Silkscreen Rules generated: 9

Design For Assembly Checks
Rule file used: C:\Cadence\SPB_17.4/share/pcb/dfm/dt_wizard/dt_wizard_pcbdfa_template.csv
Number of Outline Rules generated: 8
Number of Spacing Rules generated: 4
Number of Pastemask Rules generated: 6

Design For Test Checks
Rule file used: C:\Cadence\SPB_17.4/share/pcb/dfm/dt_wizard/dt_wizard_pcbdft_template.csv
Number of Outline Rules generated: 2
Number of Mask and Silkscreen Rules generated: 2
Number of Spacing Rules generated: 6
Number of Probe Rules generated: 1

Wizard completed successfully
