(---------------------------------------------------------------------)
(                                                                     )
(    ARTWORK LOG                                                      )
(                                                                     )
(    Drawing          : olaftry2.brd                                  )
(    Software Version : 17.4S024                                      )
(    Date/Time        : Fri Apr 29 02:29:08 2022                      )
(                                                                     )
(---------------------------------------------------------------------)



 ******************************************
 WARNING: DRC OUT OF DATE on this layout.
 ******************************************

 ---- Photoplot outline rectangle not found; using drawing extents.



Results from parameter file ...
    DEVICE-TYPE           GERBER_RS274X
    OUTPUT-UNITS          INCHES
    FILM-SIZE             2400000 1600000
    FORMAT                2.5
    ABORT-ON-ERROR        NO
    SCALE                 1
    SUPPRESS-LEAD-ZEROES  YES
    SUPPRESS-TRAIL-ZEROES NO
    SUPPRESS-EQUAL        YES
    UNDEF-APT-CONT        NO



================================================================
     PROCESSING FILM < TOP >
     TO FILE < c:/users/olaf/git/arduino-uno-or-cad-clone/orcad/project/allegro/gerber/TOP.art > ...
================================================================

  FILM PARAMETERS :
  ---------------------------------------------------------
  Undefined line width                8.00 MIL
  Mirror code                         NONE
  Rotate angle                        NONE
  Offset x:                           0.00
  Offset y:                           0.00
  Plot negative                       NO
  Suppress unconnected internal pads  NO
  Draw holes only                     NO

    WARNING: Film contains objects with associated DRCs (119).
           In the design editor view this film and enable visibility for the
           associated DRC layer. Verify the DRCs are approved exceptions to your rules.


  APERTURES USED (UNIT = IN):
  ---------------------------------------------------------
  TYPE       SIZE/NAME                   ROT   MIRROR MODE 
  ---------------------------------------------------------
  CIRCLE     0.00800                                  DARK 
  CIRCLE     0.03000                                  DARK 
  CIRCLE     0.05900                                  DARK 
  CIRCLE     0.06000                                  DARK 
  CIRCLE     0.06700                                  DARK 
  CIRCLE     0.17000                                  DARK 
  CIRCLE     0.20000                                  DARK 
  SQUARE     0.05900                     0.000 NO     DARK 
  SQUARE     0.06000                     0.000 NO     DARK 
  RECTANGLE  0.02000     x 0.05800       0.000 NO     DARK 
  RECTANGLE  0.02000     x 0.05800      90.000 NO     DARK 
  RECTANGLE  0.02581     x 0.06299       0.000 NO     DARK 
  RECTANGLE  0.03200     x 0.03500       0.000 NO     DARK 
  RECTANGLE  0.03500     x 0.06950       0.000 NO     DARK 
  RECTANGLE  0.03750     x 0.03500       0.000 NO     DARK 
  RECTANGLE  0.03750     x 0.03500      90.000 NO     DARK 
  RECTANGLE  0.03800     x 0.05300       0.000 NO     DARK 
  RECTANGLE  0.03800     x 0.05300      90.000 NO     DARK 
  RECTANGLE  0.04016     x 0.05000       0.000 NO     DARK 
  RECTANGLE  0.04016     x 0.05000      90.000 NO     DARK 
  RECTANGLE  0.04200     x 0.04800       0.000 NO     DARK 
  RECTANGLE  0.04200     x 0.04800      90.000 NO     DARK 
  RECTANGLE  0.04331     x 0.05709       0.000 NO     DARK 
  RECTANGLE  0.04724     x 0.05787       0.000 NO     DARK 
  RECTANGLE  0.05000     x 0.02200       0.000 NO     DARK 
  RECTANGLE  0.05800     x 0.02200      90.000 NO     DARK 
  RECTANGLE  0.07677     x 0.11614       0.000 NO     DARK 
  RECTANGLE  0.08700     x 0.06700       0.000 NO     DARK 
  RECTANGLE  0.10300     x 0.06400       0.000 NO     DARK 
  RECTANGLE  0.10300     x 0.06400      90.000 NO     DARK 
  RECTANGLE  0.12400     x 0.06950       0.000 NO     DARK 
  OBLONG     0.10400     x 0.05200      90.000 NO     DARK 
  OBLONG     0.17717     x 0.08858       0.000 NO     DARK 
  OBLONG     0.17717     x 0.08858      90.000 NO     DARK 
  OBLONG     0.19685     x 0.09843      90.000 NO     DARK 

     TOP created with warnings


================================================================
     PROCESSING FILM < BOTTOM >
     TO FILE < c:/users/olaf/git/arduino-uno-or-cad-clone/orcad/project/allegro/gerber/BOTTOM.art > ...
================================================================

  FILM PARAMETERS :
  ---------------------------------------------------------
  Undefined line width                8.00 MIL
  Mirror code                         NONE
  Rotate angle                        NONE
  Offset x:                           0.00
  Offset y:                           0.00
  Plot negative                       NO
  Suppress unconnected internal pads  NO
  Draw holes only                     NO

    WARNING: Film contains objects with associated DRCs (38).
           In the design editor view this film and enable visibility for the
           associated DRC layer. Verify the DRCs are approved exceptions to your rules.


  APERTURES USED (UNIT = IN):
  ---------------------------------------------------------
  TYPE       SIZE/NAME                   ROT   MIRROR MODE 
  ---------------------------------------------------------
  CIRCLE     0.00800                                  DARK 
  CIRCLE     0.03000                                  DARK 
  CIRCLE     0.05900                                  DARK 
  CIRCLE     0.06000                                  DARK 
  CIRCLE     0.06700                                  DARK 
  CIRCLE     0.17000                                  DARK 
  CIRCLE     0.20000                                  DARK 
  SQUARE     0.05900                     0.000 NO     DARK 
  SQUARE     0.06000                     0.000 NO     DARK 
  OBLONG     0.10400     x 0.05200      90.000 NO     DARK 
  OBLONG     0.17717     x 0.08858       0.000 NO     DARK 
  OBLONG     0.17717     x 0.08858      90.000 NO     DARK 
  OBLONG     0.19685     x 0.09843      90.000 NO     DARK 

     BOTTOM created with warnings


------------------------------------------------------
 SUMMARY:
        TOP created with warnings
        BOTTOM created with warnings

 ARTWORK had warnings
